Generating 3D model for part AMS1117_460275713.
	*Warning: No mapping for cell/part AMS1117_460275713
Generating 3D model for part RES_0805_2992809017.
	*Warning: No mapping for cell/part RES_0805_2992809017
Generating 3D model for part CAP_0805_3033154695.
	*Warning: No mapping for cell/part CAP_0805_3033154695
Generating 3D model for part LM2596R-5.0_1804971800.
	*Warning: No mapping for cell/part LM2596R-5.0_1804971800
Generating 3D model for part TYPEC-304-ACP16_242382106.
	*Warning: No mapping for cell/part TYPEC-304-ACP16_242382106
Generating 3D model for part STM32F103VCT6_2994289818.
	*Warning: No mapping for cell/part STM32F103VCT6_2994289818
Generating 3D model for part ATS08ASM-1E_2523600911.
	*Warning: No mapping for cell/part ATS08ASM-1E_2523600911
Generating 3D model for part KS227M016E07RR0VH2FP0_2389325988.
	*Warning: No mapping for cell/part KS227M016E07RR0VH2FP0_2389325988
Generating 3D model for part CFS20632768DZB_902027431.
	*Warning: No mapping for cell/part CFS20632768DZB_902027431
Generating 3D model for part KEY_6_6_4_1790561987.
	*Warning: No mapping for cell/part KEY_6_6_4_1790561987
Generating 3D model for part XJHCELNANF-12MHZ_682845797.
	*Warning: No mapping for cell/part XJHCELNANF-12MHZ_682845797
Generating 3D model for part CH340G_2814942057.
	*Warning: No mapping for cell/part CH340G_2814942057
Generating 3D model for part 1N4148_422066714.
	*Warning: No mapping for cell/part 1N4148_422066714
Generating 3D model for part CDRH74-100MT_2860166631.
	*Warning: No mapping for cell/part CDRH74-100MT_2860166631
Generating 3D model for part HSMQ-C191_289699553.
	*Warning: No mapping for cell/part HSMQ-C191_289699553
Generating 3D model for part S8050_NPN_2451703820.
	*Warning: No mapping for cell/part S8050_NPN_2451703820
Generating 3D model for part S8550_PNP_1638870277.
	*Warning: No mapping for cell/part S8550_PNP_1638870277
Generating 3D model for part SS54_2270166597.
	*Warning: No mapping for cell/part SS54_2270166597
Generating 3D model for part ZF687M010F09RR0VL4FP0_2903264434.
	*Warning: No mapping for cell/part ZF687M010F09RR0VL4FP0_2903264434
Generating 3D model for part HEADER-5P_1091651667.
	*Warning: No mapping for cell/part HEADER-5P_1091651667
Generating 3D model for part A2501WV-2P_2362885921.
	*Warning: No mapping for cell/part A2501WV-2P_2362885921
